<?xml version="1.0" encoding="UTF-8"?>
<!-- Generated by org.testng.reporters.JUnitXMLReporter -->
<testsuite hostname="DESKTOP-MD0BEV7" failures="0" tests="7" name="Test" time="45.534" errors="0" timestamp="28 Jan 2025 16:06:05 GMT">
  <testcase classname="CustomerCare.VerifyCustomerCare" name="@BeforeClass setup" time="0.0">
    <failure type="org.openqa.selenium.WebDriverException" message="unknown error: net::ERR_CONNECTION_TIMED_OUT
  (Session info: chrome=132.0.6834.111)
Build info: version: &amp;apos;4.27.0&amp;apos;, revision: &amp;apos;d6e718d134&amp;apos;
System info: os.name: &amp;apos;Windows 11&amp;apos;, os.arch: &amp;apos;amd64&amp;apos;, os.version: &amp;apos;10.0&amp;apos;, java.version: &amp;apos;22.0.1&amp;apos;
Driver info: org.openqa.selenium.chrome.ChromeDriver
Command: [2c08428ce99436cead723403ddc39566, get {url=https://dev.visionwaves.com/netsingularity/case-management/case-management-home/home?data=eyJwYWdlTmFtZSI6ImFjdGl2ZS1jYXNlLWRhc2hib2FyZC1wYWdlIiwidGl0bGUiOiJBbmFseXRpY3MifQ%3D%3D}]
Capabilities {acceptInsecureCerts: false, browserName: chrome, browserVersion: 132.0.6834.111, chrome: {chromedriverVersion: 132.0.6834.110 (df453a35f09..., userDataDir: C:\Users\HP\AppData\Local\T...}, fedcm:accounts: true, goog:chromeOptions: {debuggerAddress: localhost:51372}, networkConnectionEnabled: false, pageLoadStrategy: normal, platformName: windows, proxy: Proxy(), se:cdp: ws://localhost:51372/devtoo..., se:cdpVersion: 132.0.6834.111, setWindowRect: true, strictFileInteractability: false, timeouts: {implicit: 0, pageLoad: 300000, script: 30000}, unhandledPromptBehavior: dismiss and notify, webauthn:extension:credBlob: true, webauthn:extension:largeBlob: true, webauthn:extension:minPinLength: true, webauthn:extension:prf: true, webauthn:virtualAuthenticators: true}
Session ID: 2c08428ce99436cead723403ddc39566">
      <![CDATA[org.openqa.selenium.WebDriverException: unknown error: net::ERR_CONNECTION_TIMED_OUT
  (Session info: chrome=132.0.6834.111)
Build info: version: '4.27.0', revision: 'd6e718d134'
System info: os.name: 'Windows 11', os.arch: 'amd64', os.version: '10.0', java.version: '22.0.1'
Driver info: org.openqa.selenium.chrome.ChromeDriver
Command: [2c08428ce99436cead723403ddc39566, get {url=https://dev.visionwaves.com/netsingularity/case-management/case-management-home/home?data=eyJwYWdlTmFtZSI6ImFjdGl2ZS1jYXNlLWRhc2hib2FyZC1wYWdlIiwidGl0bGUiOiJBbmFseXRpY3MifQ%3D%3D}]
Capabilities {acceptInsecureCerts: false, browserName: chrome, browserVersion: 132.0.6834.111, chrome: {chromedriverVersion: 132.0.6834.110 (df453a35f09..., userDataDir: C:\Users\HP\AppData\Local\T...}, fedcm:accounts: true, goog:chromeOptions: {debuggerAddress: localhost:51372}, networkConnectionEnabled: false, pageLoadStrategy: normal, platformName: windows, proxy: Proxy(), se:cdp: ws://localhost:51372/devtoo..., se:cdpVersion: 132.0.6834.111, setWindowRect: true, strictFileInteractability: false, timeouts: {implicit: 0, pageLoad: 300000, script: 30000}, unhandledPromptBehavior: dismiss and notify, webauthn:extension:credBlob: true, webauthn:extension:largeBlob: true, webauthn:extension:minPinLength: true, webauthn:extension:prf: true, webauthn:virtualAuthenticators: true}
Session ID: 2c08428ce99436cead723403ddc39566
	at org.openqa.selenium.remote.ErrorCodec.decode(ErrorCodec.java:167)
	at org.openqa.selenium.remote.codec.w3c.W3CHttpResponseCodec.decode(W3CHttpResponseCodec.java:138)
	at org.openqa.selenium.remote.codec.w3c.W3CHttpResponseCodec.decode(W3CHttpResponseCodec.java:50)
	at org.openqa.selenium.remote.HttpCommandExecutor.execute(HttpCommandExecutor.java:190)
	at org.openqa.selenium.remote.service.DriverCommandExecutor.invokeExecute(DriverCommandExecutor.java:216)
	at org.openqa.selenium.remote.service.DriverCommandExecutor.execute(DriverCommandExecutor.java:174)
	at org.openqa.selenium.remote.RemoteWebDriver.execute(RemoteWebDriver.java:545)
	at org.openqa.selenium.remote.RemoteWebDriver.get(RemoteWebDriver.java:313)
	at base.BaseSetup.setup(BaseSetup.java:71)
... Removed 25 stack frames]]>
    </failure>
  </testcase> <!-- @BeforeClass setup -->
  <testcase classname="CustomerCare.VerifyCustomerCare" name="@AfterMethod captureScreenshotOnFailure" time="0.0">
    <skipped/>
  </testcase> <!-- @AfterMethod captureScreenshotOnFailure -->
  <testcase classname="CustomerCare.VerifyCustomerCare" name="@AfterMethod captureScreenshotOnFailure" time="0.0">
    <skipped/>
  </testcase> <!-- @AfterMethod captureScreenshotOnFailure -->
  <testcase classname="CustomerCare.VerifyCustomerCare" name="@AfterMethod captureScreenshotOnFailure" time="0.0">
    <skipped/>
  </testcase> <!-- @AfterMethod captureScreenshotOnFailure -->
  <testcase classname="CustomerCare.VerifyCustomerCare" name="@AfterMethod captureScreenshotOnFailure" time="0.0">
    <skipped/>
  </testcase> <!-- @AfterMethod captureScreenshotOnFailure -->
  <testcase classname="CustomerCare.VerifyCustomerCare" name="@AfterMethod captureScreenshotOnFailure" time="0.0">
    <skipped/>
  </testcase> <!-- @AfterMethod captureScreenshotOnFailure -->
  <testcase classname="CustomerCare.VerifyCustomerCare" name="@AfterMethod captureScreenshotOnFailure" time="0.0">
    <skipped/>
  </testcase> <!-- @AfterMethod captureScreenshotOnFailure -->
  <testcase classname="CustomerCare.VerifyCustomerCare" name="@AfterMethod captureScreenshotOnFailure" time="0.0">
    <skipped/>
  </testcase> <!-- @AfterMethod captureScreenshotOnFailure -->
  <testcase classname="CustomerCare.VerifyCustomerCare" name="@AfterClass tearDown" time="0.0">
    <skipped/>
  </testcase> <!-- @AfterClass tearDown -->
  <testcase classname="CustomerCare.VerifyCustomerCare" name="navigateToApplicationTest" time="0.007">
    <skipped/>
  </testcase> <!-- navigateToApplicationTest -->
  <testcase classname="CustomerCare.VerifyCustomerCare" name="validateOnDashboardTest" time="0.001">
    <skipped/>
  </testcase> <!-- validateOnDashboardTest -->
  <testcase classname="CustomerCare.VerifyCustomerCare" name="verifySearchGeographyTest" time="0.001">
    <skipped/>
  </testcase> <!-- verifySearchGeographyTest -->
  <testcase classname="CustomerCare.VerifyCustomerCare" name="navigateToDashboardFromGis" time="0.002">
    <skipped/>
  </testcase> <!-- navigateToDashboardFromGis -->
  <testcase classname="CustomerCare.VerifyCustomerCare" name="ValidateOnCustomer360Test" time="0.001">
    <skipped/>
  </testcase> <!-- ValidateOnCustomer360Test -->
  <testcase classname="CustomerCare.VerifyCustomerCare" name="searchCustomer360" time="0.001">
    <skipped/>
  </testcase> <!-- searchCustomer360 -->
  <testcase classname="CustomerCare.VerifyCustomerCare" name="createTasks" time="0.001">
    <skipped/>
  </testcase> <!-- createTasks -->
</testsuite> <!-- Test -->
